Arguments: 
  C:\Program Files\nodejs\node.exe C:\Program Files (x86)\Yarn\bin\yarn.js init

PATH: 
  C:\Python38\Scripts\;C:\Python38\;C:\Python27\;C:\Python27\Scripts;C:\Windows\system32;C:\Windows;C:\Windows\System32\Wbem;C:\Windows\System32\WindowsPowerShell\v1.0\;C:\Windows\System32\OpenSSH\;C:\Program Files (x86)\NVIDIA Corporation\PhysX\Common;C:\Program Files\NVIDIA Corporation\NVIDIA NvDLISR;C:\WINDOWS\system32;C:\WINDOWS;C:\WINDOWS\System32\Wbem;C:\WINDOWS\System32\WindowsPowerShell\v1.0\;C:\WINDOWS\System32\OpenSSH\;C:\ProgramData\chocolatey\bin;D:\Git\cmd;D:\;C:\Program Files (x86)\Yarn\bin\;C:\Program Files\Java\jdk1.8.0_211\bin;C:\Program Files\nodejs\;C:\Program Files\OpenJDK\openjdk-8u262-b10\bin;C:\Program Files\dotnet\;C:\Users\Debora\AppData\Local\Microsoft\WindowsApps;C:\Users\Debora\AppData\Local\Programs\Microsoft VS Code\bin;C:\Users\Debora\AppData\Local\Yarn\bin;D:\Android\SDK\emulator;D:\Android\SDK\tools;D:\Android\SDK\tools\bin;D:\Android\SDK\platform-tools;C:\Users\Debora\AppData\Roaming\npm;C:\Users\Debora\.dotnet\tools

Yarn version: 
  1.22.5

Node version: 
  15.0.1

Platform: 
  win32 x64

Trace: 
  Error: canceled
      at Interface.<anonymous> (C:\Program Files (x86)\Yarn\lib\cli.js:137009:13)
      at Interface.emit (node:events:327:20)
      at Interface._ttyWrite (node:readline:875:16)
      at ReadStream.onkeypress (node:readline:213:10)
      at ReadStream.emit (node:events:327:20)
      at emitKeys (node:internal/readline/utils:345:14)
      at emitKeys.next (<anonymous>)
      at ReadStream.onData (node:readline:1144:36)
      at ReadStream.emit (node:events:327:20)
      at addChunk (node:internal/streams/readable:304:12)

npm manifest: 
  {
    "name": "backend-desafio",
    "version": "1.0.0",
    "main": "index.js",
    "license": "MIT",
    "scripts": {
      "build": "tsc",
      "dev:server": "ts-node-dev --inspect --transpileOnly --ignore-watch node_modules src/server.ts",
      "test": "jest"
    },
    "devDependencies": {
      "@types/express": "^4.17.5",
      "@types/jest": "^25.2.1",
      "@types/supertest": "^2.0.8",
      "@types/uuid": "^8.3.0",
      "@typescript-eslint/eslint-plugin": "^2.27.0",
      "@typescript-eslint/parser": "^2.27.0",
      "eslint": "^6.8.0",
      "eslint-config-airbnb-base": "^14.1.0",
      "eslint-config-prettier": "^6.10.1",
      "eslint-import-resolver-typescript": "^2.0.0",
      "eslint-plugin-import": "^2.20.1",
      "eslint-plugin-prettier": "^3.1.2",
      "jest": "^25.3.0",
      "prettier": "^2.0.4",
      "supertest": "^4.0.2",
      "ts-jest": "^25.3.1",
      "ts-node-dev": "^1.0.0-pre.44",
      "typescript": "^3.8.3"
    },
    "dependencies": {
      "express": "^4.17.1",
      "uuid": "^8.3.0"
    }
  }

yarn manifest: 
  No manifest

Lockfile: 
  No lockfile
